2025-02-22 06:41:13.846: [INFO] VisibilityChanged: 0
2025-02-22 06:41:13.885: [INFO] RecordSyncInitDurationhas_sync_been_enabled: 0 state: 0
2025-02-22 06:41:13.885: [INFO] RecordSyncInitDurationhas_sync_been_enabled: 0 state: 0
2025-02-22 06:41:13.885: [INFO] RecordSyncInitDurationhas_sync_been_enabled: 0 state: 0
2025-02-22 06:41:13.885: [INFO] RecordSyncInitDurationhas_sync_been_enabled: 0 state: 0
2025-02-22 06:41:13.886: [INFO] RecordSyncInitDurationhas_sync_been_enabled: 0 state: 0
2025-02-22 06:41:13.886: [INFO] RecordSyncInitDurationhas_sync_been_enabled: 0 state: 0
2025-02-22 06:41:13.886: [INFO] RecordSyncInitDurationhas_sync_been_enabled: 0 state: 0
2025-02-22 06:41:13.887: [INFO] RecordSyncInitDurationhas_sync_been_enabled: 0 state: 0
2025-02-22 06:41:13.887: [INFO] RecordSyncInitDurationhas_sync_been_enabled: 0 state: 0
2025-02-22 06:41:13.887: [INFO] RecordSyncInitDurationhas_sync_been_enabled: 0 state: 0
2025-02-22 06:41:13.887: [INFO] RecordSyncInitDurationhas_sync_been_enabled: 0 state: 0
2025-02-22 06:41:13.910: [INFO] BookmarkModelLoaded, ids_reassigned: 0
2025-02-22 06:41:13.910: [INFO] OnDoneLoading sync enabled: 0
2025-02-22 06:41:13.984: [INFO] RecordSyncInitDurationhas_sync_been_enabled: 0 state: 0
2025-02-22 06:41:14.962: [INFO] Primary account changed.
2025-02-22 06:41:14.962: [INFO] OnPrimaryAccountChangedPrimaryAccountChangeEvent::Type::kSet
2025-02-22 06:41:15.019: [INFO] RecordSyncInitDurationhas_sync_been_enabled: 0 state: 3
2025-02-22 06:41:15.097: [INFO] RecordSyncInitDurationhas_sync_been_enabled: 0 state: 3
2025-02-22 06:41:15.517: [INFO] RecordSyncInitDurationhas_sync_been_enabled: 0 state: 3
2025-02-22 06:41:26.645: [INFO] VisibilityChanged: 1
2025-02-22 06:41:26.917: [INFO] BookmarkNodeAdded, ABU: 0
2025-02-22 06:41:26.918: [INFO] BookmarkNodeAdded, ABU: 0
2025-02-22 06:41:26.918: [INFO] BookmarkNodeAdded, ABU: 0
2025-02-22 06:41:26.918: [INFO] BookmarkNodeAdded, ABU: 0
2025-02-22 06:41:26.918: [INFO] BookmarkNodeAdded, ABU: 0
2025-02-22 06:41:26.918: [INFO] BookmarkNodeAdded, ABU: 0
2025-02-22 06:41:26.918: [INFO] BookmarkNodeAdded, ABU: 0
2025-02-22 06:41:26.918: [INFO] BookmarkNodeAdded, ABU: 0
2025-02-22 06:41:26.918: [INFO] BookmarkNodeAdded, ABU: 0
2025-02-22 06:41:26.918: [INFO] BookmarkNodeAdded, ABU: 0
2025-02-22 06:41:26.918: [INFO] BookmarkNodeAdded, ABU: 0
2025-02-22 06:41:26.919: [INFO] BookmarkNodeAdded, ABU: 0
2025-02-22 06:41:26.919: [INFO] BookmarkNodeAdded, ABU: 0
2025-02-22 06:41:26.937: [INFO] BookmarkNodeAdded, ABU: 0
2025-02-22 06:41:26.937: [INFO] BookmarkNodeAdded, ABU: 0
2025-02-22 06:41:26.937: [INFO] BookmarkNodeAdded, ABU: 0
2025-02-22 06:41:26.937: [INFO] BookmarkNodeAdded, ABU: 0
2025-02-22 06:41:26.937: [INFO] BookmarkNodeAdded, ABU: 0
2025-02-22 06:41:26.937: [INFO] BookmarkNodeAdded, ABU: 0
2025-02-22 06:41:26.937: [INFO] BookmarkNodeAdded, ABU: 0
2025-02-22 06:41:26.938: [INFO] BookmarkNodeAdded, ABU: 0
2025-02-22 06:41:26.938: [INFO] BookmarkNodeAdded, ABU: 0
2025-02-22 06:41:26.938: [INFO] BookmarkNodeAdded, ABU: 0
2025-02-22 06:41:26.938: [INFO] BookmarkNodeAdded, ABU: 0
2025-02-22 06:41:26.938: [INFO] BookmarkNodeAdded, ABU: 0
2025-02-22 06:41:26.938: [INFO] BookmarkNodeAdded, ABU: 0
2025-02-22 06:41:26.938: [INFO] BookmarkNodeAdded, ABU: 0
2025-02-22 06:41:26.938: [INFO] BookmarkNodeAdded, ABU: 0
2025-02-22 06:41:26.938: [INFO] BookmarkNodeAdded, ABU: 0
2025-02-22 06:41:26.938: [INFO] BookmarkNodeAdded, ABU: 0
2025-02-22 06:41:26.938: [INFO] BookmarkNodeAdded, ABU: 0
2025-02-22 06:41:26.939: [INFO] BookmarkNodeAdded, ABU: 0
2025-02-22 06:41:26.939: [INFO] BookmarkNodeAdded, ABU: 0
2025-02-22 06:41:26.939: [INFO] BookmarkNodeAdded, ABU: 0
2025-02-22 06:41:26.939: [INFO] BookmarkNodeAdded, ABU: 0
2025-02-22 06:41:26.939: [INFO] BookmarkNodeAdded, ABU: 0
2025-02-22 06:41:26.939: [INFO] BookmarkNodeAdded, ABU: 0
2025-02-22 06:41:26.939: [INFO] BookmarkNodeAdded, ABU: 0
2025-02-22 06:41:26.939: [INFO] BookmarkNodeAdded, ABU: 0
2025-02-22 06:41:26.939: [INFO] BookmarkNodeAdded, ABU: 0
2025-02-22 06:41:26.939: [INFO] BookmarkNodeAdded, ABU: 0
2025-02-22 06:41:26.939: [INFO] BookmarkNodeAdded, ABU: 0
2025-02-22 06:41:26.940: [INFO] BookmarkNodeAdded, ABU: 0
2025-02-22 06:41:26.940: [INFO] BookmarkNodeAdded, ABU: 0
2025-02-22 06:41:26.940: [INFO] BookmarkNodeAdded, ABU: 0
2025-02-22 06:41:26.940: [INFO] BookmarkNodeAdded, ABU: 0
2025-02-22 06:41:26.940: [INFO] BookmarkNodeAdded, ABU: 0
2025-02-22 06:41:26.940: [INFO] BookmarkNodeAdded, ABU: 0
2025-02-22 06:41:26.940: [INFO] BookmarkNodeAdded, ABU: 0
2025-02-22 06:41:26.940: [INFO] BookmarkNodeAdded, ABU: 0
2025-02-22 06:41:26.940: [INFO] BookmarkNodeAdded, ABU: 0
2025-02-22 06:41:26.940: [INFO] BookmarkNodeAdded, ABU: 0
2025-02-22 06:41:26.940: [INFO] BookmarkNodeAdded, ABU: 0
2025-02-22 06:41:28.308: [INFO] Sync initialization duration: 12603ms
2025-02-22 06:41:43.510: [INFO] VisibilityChanged: 0
2025-02-22 06:43:47.939: [INFO] OnDoneLoading sync enabled: 1
2025-02-22 06:43:50.816: [INFO] Sync initialization duration: 2251ms
2025-02-22 06:44:59.625: [INFO] VisibilityChanged: 0
