{"logTime": "0222/064125", "correlationVector":"Rw44M6LUzj87+AhTUQGtGI.1","action":"SyncServerConnectionManagerRequest", "result":"SYNC_SERVER_OK", "context":{"environment":"Prod_francecentral_prod-s01-062-eur-francecentral", "migrationStage":"NotStarted", "server":"akswtt00500003r"}}
{"logTime": "0222/064125", "correlationVector":"Rw44M6LUzj87+AhTUQGtGI.2","action":"ProcessGetUpdates", "result":"Done", "context":{"dataType":"Encryption Keys", "deleted":"0", "process_failed_to_decrypt":"0", "process_pending_decryption":"0", "process_success":"1", "total":"1"}}
{"logTime": "0222/064125", "correlationVector":"0oAzQA74M+kGYNMlx3Yj56","action":"SyncServerConnectionManagerRequest", "result":"SYNC_SERVER_OK", "context":{"environment":"", "migrationStage":"", "server":""}}
{"logTime": "0222/064125", "correlationVector":"Rw44M6LUzj87+AhTUQGtGI","action":"Initial GetUpdates", "result":"", "context":Reason: NEW_CLIENT. cV=Rw44M6LUzj87+AhTUQGtGI}
{"logTime": "0222/064125", "correlationVector":"Rw44M6LUzj87+AhTUQGtGI.3","action":"GetUpdates Response", "result":"Success", "context":Received 1 update(s). cV=Rw44M6LUzj87+AhTUQGtGI.0;server=akswtt00500003r;cloudType=Consumer;environment=Prod_francecentral_prod-s01-062-eur-francecentral;migrationStage=NotStarted}
{"logTime": "0222/064125", "correlationVector":"Bn1TfJuCRn/yxnM5bcGaXd","action":"Initial GetUpdates", "result":"", "context":Reason: NEWLY_SUPPORTED_DATATYPE. cV=Bn1TfJuCRn/yxnM5bcGaXd}
{"logTime": "0222/064126", "correlationVector":"Bn1TfJuCRn/yxnM5bcGaXd.1","action":"SyncServerConnectionManagerRequest", "result":"SYNC_SERVER_OK", "context":{"environment":"Prod_francecentral_prod-s01-062-eur-francecentral", "migrationStage":"NotStarted", "server":"akswtt005000017"}}
{"logTime": "0222/064126", "correlationVector":"Bn1TfJuCRn/yxnM5bcGaXd.2","action":"ProcessGetUpdates", "result":"Done", "context":{"dataType":"Preferences", "deleted":"0", "process_failed_to_decrypt":"0", "process_pending_decryption":"0", "process_success":"63", "total":"63"}}
{"logTime": "0222/064126", "correlationVector":"Bn1TfJuCRn/yxnM5bcGaXd.3","action":"ProcessGetUpdates", "result":"Done", "context":{"dataType":"Passwords", "deleted":"0", "process_failed_to_decrypt":"0", "process_pending_decryption":"0", "process_success":"129", "total":"129"}}
{"logTime": "0222/064126", "correlationVector":"Bn1TfJuCRn/yxnM5bcGaXd.4","action":"ProcessGetUpdates", "result":"Done", "context":{"dataType":"Device Info", "deleted":"0", "process_failed_to_decrypt":"0", "process_pending_decryption":"0", "process_success":"10", "total":"10"}}
{"logTime": "0222/064126", "correlationVector":"Bn1TfJuCRn/yxnM5bcGaXd.5","action":"GetUpdates Response", "result":"Success", "context":Received 202 update(s). cV=Bn1TfJuCRn/yxnM5bcGaXd.0;server=akswtt005000017;cloudType=Consumer;environment=Prod_francecentral_prod-s01-062-eur-francecentral;migrationStage=NotStarted}
{"logTime": "0222/064126", "correlationVector":"n31bAEW2XgpkjRnieBIQxC","action":"Initial GetUpdates", "result":"", "context":Reason: NEWLY_SUPPORTED_DATATYPE. cV=n31bAEW2XgpkjRnieBIQxC}
{"logTime": "0222/064126", "correlationVector":"n31bAEW2XgpkjRnieBIQxC.1","action":"SyncServerConnectionManagerRequest", "result":"SYNC_SERVER_OK", "context":{"environment":"Prod_francecentral_prod-s01-062-eur-francecentral", "migrationStage":"NotStarted", "server":"akswtt00500000f"}}
{"logTime": "0222/064126", "correlationVector":"n31bAEW2XgpkjRnieBIQxC.2","action":"ProcessGetUpdates", "result":"Done", "context":{"dataType":"Bookmarks", "deleted":"8", "process_failed_to_decrypt":"0", "process_pending_decryption":"0", "process_success":"66", "total":"66"}}
{"logTime": "0222/064126", "correlationVector":"n31bAEW2XgpkjRnieBIQxC.3","action":"GetUpdates Response", "result":"Success", "context":Received 66 update(s). cV=n31bAEW2XgpkjRnieBIQxC.0;server=akswtt00500000f;cloudType=Consumer;environment=Prod_francecentral_prod-s01-062-eur-francecentral;migrationStage=NotStarted}
{"logTime": "0222/064126", "correlationVector":"G8A9hchGCQLDDUTwNwusHp","action":"Initial GetUpdates", "result":"", "context":Reason: NEWLY_SUPPORTED_DATATYPE. cV=G8A9hchGCQLDDUTwNwusHp}
{"logTime": "0222/064127", "correlationVector":"G8A9hchGCQLDDUTwNwusHp.1","action":"SyncServerConnectionManagerRequest", "result":"SYNC_SERVER_OK", "context":{"environment":"Prod_francecentral_prod-s01-062-eur-francecentral", "migrationStage":"NotStarted", "server":"akswtt00500002d"}}
{"logTime": "0222/064127", "correlationVector":"G8A9hchGCQLDDUTwNwusHp.2","action":"ProcessGetUpdates", "result":"Done", "context":{"dataType":"Autofill Profiles", "deleted":"0", "process_failed_to_decrypt":"0", "process_pending_decryption":"0", "process_success":"2", "total":"2"}}
{"logTime": "0222/064127", "correlationVector":"G8A9hchGCQLDDUTwNwusHp.3","action":"ProcessGetUpdates", "result":"Done", "context":{"dataType":"Autofill", "deleted":"0", "process_failed_to_decrypt":"0", "process_pending_decryption":"0", "process_success":"191", "total":"191"}}
{"logTime": "0222/064127", "correlationVector":"G8A9hchGCQLDDUTwNwusHp.4","action":"ProcessGetUpdates", "result":"Done", "context":{"dataType":"Extensions", "deleted":"0", "process_failed_to_decrypt":"0", "process_pending_decryption":"0", "process_success":"11", "total":"11"}}
{"logTime": "0222/064127", "correlationVector":"G8A9hchGCQLDDUTwNwusHp.5","action":"ProcessGetUpdates", "result":"Done", "context":{"dataType":"Sessions", "deleted":"19", "process_failed_to_decrypt":"0", "process_pending_decryption":"0", "process_success":"19", "total":"19"}}
{"logTime": "0222/064127", "correlationVector":"G8A9hchGCQLDDUTwNwusHp.6","action":"ProcessGetUpdates", "result":"Done", "context":{"dataType":"Extension settings", "deleted":"0", "process_failed_to_decrypt":"0", "process_pending_decryption":"0", "process_success":"11", "total":"11"}}
{"logTime": "0222/064127", "correlationVector":"G8A9hchGCQLDDUTwNwusHp.7","action":"ProcessGetUpdates", "result":"Done", "context":{"dataType":"Edge Hub App Usage", "deleted":"0", "process_failed_to_decrypt":"0", "process_pending_decryption":"0", "process_success":"16", "total":"16"}}
{"logTime": "0222/064127", "correlationVector":"G8A9hchGCQLDDUTwNwusHp.8","action":"GetUpdates Response", "result":"Success", "context":Received 250 update(s). cV=G8A9hchGCQLDDUTwNwusHp.0;server=akswtt00500002d;cloudType=Consumer;environment=Prod_francecentral_prod-s01-062-eur-francecentral;migrationStage=NotStarted Some updates remain.}
{"logTime": "0222/064127", "correlationVector":"KVMUNdp5EuZ6OgtbfKvX+u","action":"Initial GetUpdates", "result":"", "context":Reason: NEWLY_SUPPORTED_DATATYPE. cV=KVMUNdp5EuZ6OgtbfKvX+u}
{"logTime": "0222/064128", "correlationVector":"KVMUNdp5EuZ6OgtbfKvX+u.1","action":"SyncServerConnectionManagerRequest", "result":"SYNC_SERVER_OK", "context":{"environment":"Prod_francecentral_prod-s01-062-eur-francecentral", "migrationStage":"NotStarted", "server":"akswtt005000017"}}
{"logTime": "0222/064128", "correlationVector":"KVMUNdp5EuZ6OgtbfKvX+u.2","action":"ProcessGetUpdates", "result":"Done", "context":{"dataType":"Extensions", "deleted":"0", "process_failed_to_decrypt":"0", "process_pending_decryption":"0", "process_success":"4", "total":"4"}}
{"logTime": "0222/064128", "correlationVector":"KVMUNdp5EuZ6OgtbfKvX+u.3","action":"ProcessGetUpdates", "result":"Done", "context":{"dataType":"Sessions", "deleted":"16", "process_failed_to_decrypt":"0", "process_pending_decryption":"0", "process_success":"17", "total":"17"}}
{"logTime": "0222/064128", "correlationVector":"KVMUNdp5EuZ6OgtbfKvX+u.4","action":"ProcessGetUpdates", "result":"Done", "context":{"dataType":"Edge Hub App Usage", "deleted":"0", "process_failed_to_decrypt":"0", "process_pending_decryption":"0", "process_success":"1", "total":"1"}}
{"logTime": "0222/064128", "correlationVector":"KVMUNdp5EuZ6OgtbfKvX+u.5","action":"GetUpdates Response", "result":"Success", "context":Received 22 update(s). cV=KVMUNdp5EuZ6OgtbfKvX+u.0;server=akswtt005000017;cloudType=Consumer;environment=Prod_francecentral_prod-s01-062-eur-francecentral;migrationStage=NotStarted}
{"logTime": "0222/064128", "correlationVector":"bzy3pduFCayH102UcqNYyt","action":"Initial GetUpdates", "result":"", "context":Reason: NEWLY_SUPPORTED_DATATYPE. cV=bzy3pduFCayH102UcqNYyt}
{"logTime": "0222/064128", "correlationVector":"bzy3pduFCayH102UcqNYyt.1","action":"SyncServerConnectionManagerRequest", "result":"SYNC_SERVER_OK", "context":{"environment":"Prod_francecentral_prod-s01-062-eur-francecentral", "migrationStage":"NotStarted", "server":"akswtt005000049"}}
{"logTime": "0222/064128", "correlationVector":"bzy3pduFCayH102UcqNYyt.2","action":"GetUpdates Response", "result":"Success", "context":Received 0 update(s). cV=bzy3pduFCayH102UcqNYyt.0;server=akswtt005000049;cloudType=Consumer;environment=Prod_francecentral_prod-s01-062-eur-francecentral;migrationStage=NotStarted}
{"logTime": "0222/064128", "correlationVector":"DujQR486MgMUehB90rKn8F","action":"Normal GetUpdate request", "result":"", "context":cV=DujQR486MgMUehB90rKn8F
Nudged types: Sessions, Device Info, User Consents
Refresh requested types: Bookmarks, Preferences, Passwords, Autofill Profiles, Autofill, Extensions, Sessions, Extension settings, History Delete Directives, Device Info, User Consents, Send Tab To Self, Web Apps, History, Collection, Edge E Drop, Edge Hub App Usage, Edge Tab Group, Edge Wallet, Encryption Keys}
{"logTime": "0222/064129", "correlationVector":"DujQR486MgMUehB90rKn8F.1","action":"SyncServerConnectionManagerRequest", "result":"SYNC_SERVER_OK", "context":{"environment":"Prod_francecentral_prod-s01-062-eur-francecentral", "migrationStage":"NotStarted", "server":"akswtt005000017"}}
{"logTime": "0222/064129", "correlationVector":"DujQR486MgMUehB90rKn8F.2","action":"GetUpdates Response", "result":"Success", "context":Received 0 update(s). cV=DujQR486MgMUehB90rKn8F.0;server=akswtt005000017;cloudType=Consumer;environment=Prod_francecentral_prod-s01-062-eur-francecentral;migrationStage=NotStarted}
{"logTime": "0222/064129", "correlationVector":"da5rJGsLR6wyu8Uo4rv1UN","action":"DoCompareDataConsistency requsted types: ", "result":"Bookmarks, Preferences, Passwords, Extensions, Extension settings, History Delete Directives, Send Tab To Self, Web Apps, History, Collection, Edge E Drop, Edge Tab Group, Edge Wallet, Encryption Keys"}
{"logTime": "0222/064129", "correlationVector":"da5rJGsLR6wyu8Uo4rv1UN.0","action":"CompareDataConsistency result: ", "result":"Compare result: Encryption Keys is consistent. local entities count is: 1 local entities hash is: pVtXLymaD3KR2dNr/Pl+OA9o+IE="}
{"logTime": "0222/064129", "correlationVector":"da5rJGsLR6wyu8Uo4rv1UN.1","action":"CompareDataConsistency result: ", "result":"Compare result: Bookmarks is consistent. local entities count is: 53 local entities hash is: NNEabiCdaaTCLlbUxR+Khnn/LBI="}
{"logTime": "0222/064129", "correlationVector":"da5rJGsLR6wyu8Uo4rv1UN.2","action":"CompareDataConsistency result: ", "result":"Compare result: Preferences is consistent. local entities count is: 63 local entities hash is: 8H8R+0yZgeGO4PsE0sSoAeEyCcg="}
{"logTime": "0222/064129", "correlationVector":"da5rJGsLR6wyu8Uo4rv1UN.3","action":"CompareDataConsistency result: ", "result":"Compare result: Extensions is consistent. local entities count is: 15 local entities hash is: QZHBOwLRYHd+LIgiY/u3cy6qYYU="}
{"logTime": "0222/064129", "correlationVector":"da5rJGsLR6wyu8Uo4rv1UN.4","action":"CompareDataConsistency result: ", "result":"Compare result: Extension settings is consistent. local entities count is: 11 local entities hash is: gpIyJVxigg/fghYDtgsRaWpAwcY="}
{"logTime": "0222/064129", "correlationVector":"da5rJGsLR6wyu8Uo4rv1UN.5","action":"CompareDataConsistency result: ", "result":"Compare result: History Delete Directives is consistent. local entities count is: 0 local entities hash is: "}
{"logTime": "0222/064129", "correlationVector":"da5rJGsLR6wyu8Uo4rv1UN.6","action":"CompareDataConsistency result: ", "result":"Server did not send this Send Tab To Self local entities count is: 0 local entities hash is: "}
{"logTime": "0222/064129", "correlationVector":"da5rJGsLR6wyu8Uo4rv1UN.7","action":"CompareDataConsistency result: ", "result":"Compare result: Web Apps is consistent. local entities count is: 0 local entities hash is: "}
{"logTime": "0222/064129", "correlationVector":"da5rJGsLR6wyu8Uo4rv1UN.8","action":"CompareDataConsistency result: ", "result":"Server did not send this History local entities count is: 0 local entities hash is: "}
{"logTime": "0222/064129", "correlationVector":"da5rJGsLR6wyu8Uo4rv1UN.9","action":"CompareDataConsistency result: ", "result":"Compare result: Collection is consistent. local entities count is: 0 local entities hash is: "}
{"logTime": "0222/064129", "correlationVector":"da5rJGsLR6wyu8Uo4rv1UN.10","action":"CompareDataConsistency result: ", "result":"Compare result: Edge E Drop is consistent. local entities count is: 0 local entities hash is: "}
{"logTime": "0222/064129", "correlationVector":"da5rJGsLR6wyu8Uo4rv1UN.11","action":"CompareDataConsistency result: ", "result":"Compare result: Edge Tab Group is consistent. local entities count is: 0 local entities hash is: "}
{"logTime": "0222/064129", "correlationVector":"da5rJGsLR6wyu8Uo4rv1UN.12","action":"CompareDataConsistency result: ", "result":"Compare result: Edge Wallet is consistent. local entities count is: 0 local entities hash is: "}
{"logTime": "0222/064129", "correlationVector":"da5rJGsLR6wyu8Uo4rv1UN.13","action":"CompareDataConsistency result: ", "result":"Compare result: Passwords is consistent. local entities count is: 129 local entities hash is: YWjeIVEcBofnOM0YZ8aZZtCnF4c="}
{"logTime": "0222/064129", "correlationVector":"YKOnQn6//YknXTsE0lYebx","action":"Commit Request", "result":"", "context":Item count: 5
Contributing types: Sessions, Device Info, User Consents}
{"logTime": "0222/064130", "correlationVector":"YKOnQn6//YknXTsE0lYebx.1","action":"SyncServerConnectionManagerRequest", "result":"SYNC_SERVER_OK", "context":{"environment":"Prod_francecentral_prod-s01-062-eur-francecentral", "migrationStage":"NotStarted", "server":"akswtt00500000f"}}
{"logTime": "0222/064130", "correlationVector":"YKOnQn6//YknXTsE0lYebx.2","action":"Commit Response", "result":"Success", "context":Result: Success. cV=YKOnQn6//YknXTsE0lYebx.0;server=akswtt00500000f;cloudType=Consumer;environment=Prod_francecentral_prod-s01-062-eur-francecentral;migrationStage=NotStarted}
{"logTime": "0222/064130", "correlationVector":"","action":"DIAGNOSTIC_REQUEST|v1/diagnosticData/Diagnostic.SendCheckResult()|SUCCESS", "result":""}
{"logTime": "0222/064349", "correlationVector":"O6jilmvOaEmGP6tGG1Ob1V.1","action":"SyncServerConnectionManagerRequest", "result":"SYNC_SERVER_OK", "context":{"environment":"Prod_francecentral_prod-s01-062-eur-francecentral", "migrationStage":"NotStarted", "server":"akswtt005000000"}}
{"logTime": "0222/064349", "correlationVector":"O6jilmvOaEmGP6tGG1Ob1V.2","action":"ProcessGetUpdates", "result":"Done", "context":{"dataType":"Encryption Keys", "deleted":"0", "process_failed_to_decrypt":"0", "process_pending_decryption":"0", "process_success":"1", "total":"1"}}
{"logTime": "0222/064350", "correlationVector":"5UjwYrPRCVsuSgo7oBSW3R","action":"SyncServerConnectionManagerRequest", "result":"SYNC_SERVER_OK", "context":{"environment":"", "migrationStage":"", "server":""}}
{"logTime": "0222/064350", "correlationVector":"O6jilmvOaEmGP6tGG1Ob1V","action":"Initial GetUpdates", "result":"", "context":Reason: NEW_CLIENT. cV=O6jilmvOaEmGP6tGG1Ob1V}
{"logTime": "0222/064350", "correlationVector":"O6jilmvOaEmGP6tGG1Ob1V.3","action":"GetUpdates Response", "result":"Success", "context":Received 1 update(s). cV=O6jilmvOaEmGP6tGG1Ob1V.0;server=akswtt005000000;cloudType=Consumer;environment=Prod_francecentral_prod-s01-062-eur-francecentral;migrationStage=NotStarted}
{"logTime": "0222/064350", "correlationVector":"zgNvvb7Nb8qYzVaGWu+L23","action":"Initial GetUpdates", "result":"", "context":Reason: NEWLY_SUPPORTED_DATATYPE. cV=zgNvvb7Nb8qYzVaGWu+L23}
{"logTime": "0222/064350", "correlationVector":"zgNvvb7Nb8qYzVaGWu+L23.1","action":"SyncServerConnectionManagerRequest", "result":"SYNC_SERVER_OK", "context":{"environment":"Prod_francecentral_prod-s01-062-eur-francecentral", "migrationStage":"NotStarted", "server":"akswtt00500002y"}}
{"logTime": "0222/064350", "correlationVector":"zgNvvb7Nb8qYzVaGWu+L23.2","action":"ProcessGetUpdates", "result":"Done", "context":{"dataType":"Passwords", "deleted":"0", "process_failed_to_decrypt":"0", "process_pending_decryption":"0", "process_success":"129", "total":"129"}}
{"logTime": "0222/064350", "correlationVector":"zgNvvb7Nb8qYzVaGWu+L23.3","action":"GetUpdates Response", "result":"Success", "context":Received 129 update(s). cV=zgNvvb7Nb8qYzVaGWu+L23.0;server=akswtt00500002y;cloudType=Consumer;environment=Prod_francecentral_prod-s01-062-eur-francecentral;migrationStage=NotStarted}
{"logTime": "0222/064350", "correlationVector":"CyLtY6nDBoHm8Wa9NgzIfx","action":"Normal GetUpdate request", "result":"", "context":cV=CyLtY6nDBoHm8Wa9NgzIfx
Nudged types: Sessions, History
Refresh requested types: Bookmarks, Preferences, Passwords, Autofill Profiles, Autofill, Extensions, Sessions, Extension settings, History Delete Directives, Device Info, User Consents, Send Tab To Self, Web Apps, History, Collection, Edge E Drop, Edge Hub App Usage, Edge Tab Group, Edge Wallet, Encryption Keys}
{"logTime": "0222/064351", "correlationVector":"CyLtY6nDBoHm8Wa9NgzIfx.1","action":"SyncServerConnectionManagerRequest", "result":"SYNC_SERVER_OK", "context":{"environment":"Prod_francecentral_prod-s01-062-eur-francecentral", "migrationStage":"NotStarted", "server":"akswtt00500002n"}}
{"logTime": "0222/064351", "correlationVector":"CyLtY6nDBoHm8Wa9NgzIfx.2","action":"GetUpdates Response", "result":"Success", "context":Received 0 update(s). cV=CyLtY6nDBoHm8Wa9NgzIfx.0;server=akswtt00500002n;cloudType=Consumer;environment=Prod_francecentral_prod-s01-062-eur-francecentral;migrationStage=NotStarted}
{"logTime": "0222/064400", "correlationVector":"6im3dih1Q1u3y0CZNkjclZ","action":"Commit Request", "result":"", "context":Item count: 4
Contributing types: Sessions, History}
{"logTime": "0222/064403", "correlationVector":"6im3dih1Q1u3y0CZNkjclZ.1","action":"SyncServerConnectionManagerRequest", "result":"SYNC_SERVER_OK", "context":{"environment":"Prod_francecentral_prod-s01-062-eur-francecentral", "migrationStage":"NotStarted", "server":"akswtt00500004c"}}
{"logTime": "0222/064403", "correlationVector":"6im3dih1Q1u3y0CZNkjclZ.2","action":"Commit Response", "result":"Success", "context":Result: Success. cV=6im3dih1Q1u3y0CZNkjclZ.0;server=akswtt00500004c;cloudType=Consumer;environment=Prod_francecentral_prod-s01-062-eur-francecentral;migrationStage=NotStarted}
{"logTime": "0222/064403", "correlationVector":"6im3dih1Q1u3y0CZNkjclZ.3","action":"Commit.Sessions", "result":"Success", "context":{"id":"92a5ed4f-83d3-4c88-9414-a04991101bd9", "isDeleted":"true", "size":"0", "version":"1740206491275"}}
